app/build/outputs/logs/manifest-merger-debug-report.txt
-- Merging decision tree log ---
manifest
ADDED from src\main\AndroidManifest.xml:29:1-76:12
	package
		ADDED from src\main\AndroidManifest.xml:30:5-34
		INJECTED from src\main\AndroidManifest.xml
		INJECTED from src\main\AndroidManifest.xml
	android:versionName
		ADDED from src\main\AndroidManifest.xml:32:5-53
		INJECTED from src\main\AndroidManifest.xml
		INJECTED from src\main\AndroidManifest.xml
	android:versionCode
		ADDED from src\main\AndroidManifest.xml:31:5-29
		INJECTED from src\main\AndroidManifest.xml
		INJECTED from src\main\AndroidManifest.xml
	xmlns:android
		ADDED from src\main\AndroidManifest.xml:29:11-69
uses-sdk
ADDED from src\main\AndroidManifest.xml:34:5-36:41
	android:targetSdkVersion
		ADDED from src\main\AndroidManifest.xml:36:9-38
		INJECTED from src\main\AndroidManifest.xml
		INJECTED from src\main\AndroidManifest.xml
	android:minSdkVersion
		ADDED from src\main\AndroidManifest.xml:35:9-35
		INJECTED from src\main\AndroidManifest.xml
		INJECTED from src\main\AndroidManifest.xml
uses-permission#android.permission.NFC
ADDED from src\main\AndroidManifest.xml:38:5-62
	android:name
		ADDED from src\main\AndroidManifest.xml:38:22-59
uses-permission#android.permission.VIBRATE
ADDED from src\main\AndroidManifest.xml:39:5-65
	android:name
		ADDED from src\main\AndroidManifest.xml:39:22-63
uses-permission#android.permission.WRITE_EXTERNAL_STORAGE
ADDED from src\main\AndroidManifest.xml:41:5-81
	android:name
		ADDED from src\main\AndroidManifest.xml:41:22-78
uses-permission#android.permission.READ_EXTERNAL_STORAGE
ADDED from src\main\AndroidManifest.xml:42:5-80
	android:name
		ADDED from src\main\AndroidManifest.xml:42:22-77
application
ADDED from src\main\AndroidManifest.xml:46:5-75:19
	android:label
		ADDED from src\main\AndroidManifest.xml:46:75-107
	android:allowBackup
		ADDED from src\main\AndroidManifest.xml:46:18-44
	android:icon
		ADDED from src\main\AndroidManifest.xml:46:45-74
	android:theme
		ADDED from src\main\AndroidManifest.xml:46:108-169
activity#com.nxp.nfc_demo.activities.MainActivity
ADDED from src\main\AndroidManifest.xml:47:9-56:20
	android:screenOrientation
		ADDED from src\main\AndroidManifest.xml:47:75-111
	android:launchMode
		ADDED from src\main\AndroidManifest.xml:47:176-207
	android:exported
		ADDED from src\main\AndroidManifest.xml:47:152-175
	android:windowSoftInputMode
		ADDED from src\main\AndroidManifest.xml:47:112-151
	android:name
		ADDED from src\main\AndroidManifest.xml:47:19-74
intent-filter#android.intent.category.DEFAULT+android.nfc.action.NDEF_DISCOVERED
ADDED from src\main\AndroidManifest.xml:49:10-55:20
action#android.nfc.action.NDEF_DISCOVERED
ADDED from src\main\AndroidManifest.xml:50:8-68
	android:name
		ADDED from src\main\AndroidManifest.xml:50:16-65
category#android.intent.category.DEFAULT
ADDED from src\main\AndroidManifest.xml:51:8-67
	android:name
		ADDED from src\main\AndroidManifest.xml:51:18-64
data
ADDED from src\main\AndroidManifest.xml:52:8-54:132
	android:host
		ADDED from src\main\AndroidManifest.xml:53:12-38
	android:scheme
		ADDED from src\main\AndroidManifest.xml:52:14-35
	android:pathPrefix
		ADDED from src\main\AndroidManifest.xml:54:12-129
activity#com.nxp.nfc_demo.activities.SplashActivity
ADDED from src\main\AndroidManifest.xml:58:9-64:20
	android:screenOrientation
		ADDED from src\main\AndroidManifest.xml:58:77-113
	android:windowSoftInputMode
		ADDED from src\main\AndroidManifest.xml:58:114-153
	android:name
		ADDED from src\main\AndroidManifest.xml:58:19-76
intent-filter#android.intent.action.MAIN+android.intent.category.LAUNCHER
ADDED from src\main\AndroidManifest.xml:60:13-63:29
action#android.intent.action.MAIN
ADDED from src\main\AndroidManifest.xml:61:17-69
	android:name
		ADDED from src\main\AndroidManifest.xml:61:25-66
category#android.intent.category.LAUNCHER
ADDED from src\main\AndroidManifest.xml:62:17-77
	android:name
		ADDED from src\main\AndroidManifest.xml:62:27-74
activity#com.nxp.nfc_demo.activities.RegisterSessionActivity
ADDED from src\main\AndroidManifest.xml:66:9-165
	android:screenOrientation
		ADDED from src\main\AndroidManifest.xml:66:86-122
	android:windowSoftInputMode
		ADDED from src\main\AndroidManifest.xml:66:123-162
	android:name
		ADDED from src\main\AndroidManifest.xml:66:19-85
activity#com.nxp.nfc_demo.activities.RegisterConfigActivity
ADDED from src\main\AndroidManifest.xml:67:9-164
	android:screenOrientation
		ADDED from src\main\AndroidManifest.xml:67:85-121
	android:windowSoftInputMode
		ADDED from src\main\AndroidManifest.xml:67:122-161
	android:name
		ADDED from src\main\AndroidManifest.xml:67:19-84
activity#com.nxp.nfc_demo.activities.ReadMemoryActivity
ADDED from src\main\AndroidManifest.xml:68:9-160
	android:screenOrientation
		ADDED from src\main\AndroidManifest.xml:68:81-117
	android:windowSoftInputMode
		ADDED from src\main\AndroidManifest.xml:68:118-157
	android:name
		ADDED from src\main\AndroidManifest.xml:68:19-80
activity#com.nxp.nfc_demo.activities.ResetMemoryActivity
ADDED from src\main\AndroidManifest.xml:69:9-161
	android:screenOrientation
		ADDED from src\main\AndroidManifest.xml:69:82-118
	android:windowSoftInputMode
		ADDED from src\main\AndroidManifest.xml:69:119-158
	android:name
		ADDED from src\main\AndroidManifest.xml:69:19-81
activity#com.nxp.nfc_demo.activities.VersionInfoActivity
ADDED from src\main\AndroidManifest.xml:70:9-161
	android:screenOrientation
		ADDED from src\main\AndroidManifest.xml:70:82-118
	android:windowSoftInputMode
		ADDED from src\main\AndroidManifest.xml:70:119-158
	android:name
		ADDED from src\main\AndroidManifest.xml:70:19-81
activity#com.nxp.nfc_demo.activities.HelpActivity
ADDED from src\main\AndroidManifest.xml:71:9-154
	android:screenOrientation
		ADDED from src\main\AndroidManifest.xml:71:75-111
	android:windowSoftInputMode
		ADDED from src\main\AndroidManifest.xml:71:112-151
	android:name
		ADDED from src\main\AndroidManifest.xml:71:19-74
activity#com.nxp.nfc_demo.activities.DebugActivity
ADDED from src\main\AndroidManifest.xml:72:6-152
	android:screenOrientation
		ADDED from src\main\AndroidManifest.xml:72:73-109
	android:windowSoftInputMode
		ADDED from src\main\AndroidManifest.xml:72:110-149
	android:name
		ADDED from src\main\AndroidManifest.xml:72:16-72
activity#com.nxp.nfc_demo.activities.FlashMemoryActivity
ADDED from src\main\AndroidManifest.xml:73:6-158
	android:screenOrientation
		ADDED from src\main\AndroidManifest.xml:73:79-115
	android:windowSoftInputMode
		ADDED from src\main\AndroidManifest.xml:73:116-155
	android:name
		ADDED from src\main\AndroidManifest.xml:73:16-78
activity#com.nxp.nfc_demo.activities.AuthActivity
ADDED from src\main\AndroidManifest.xml:74:6-151
	android:screenOrientation
		ADDED from src\main\AndroidManifest.xml:74:72-108
	android:windowSoftInputMode
		ADDED from src\main\AndroidManifest.xml:74:109-148
	android:name
		ADDED from src\main\AndroidManifest.xml:74:16-71